<?xml version="1.0" encoding="UTF-8"?>
<!-- Generated by org.testng.reporters.JUnitReportReporter -->
<testsuite hostname="LAPTOP-U38Q909H" failures="0" tests="1" name="amazon_Package.AmazonProject_Maven.TestCase6" time="23.567" errors="0" timestamp="2024-12-27T12:22:33 IST" skipped="0">
  <testcase classname="amazon_Package.AmazonProject_Maven.TestCase6" name="searchresult_with_Filters" time="23.567"/>
  <system-out/>
</testsuite> <!-- amazon_Package.AmazonProject_Maven.TestCase6 -->
