<?xml version="1.0" encoding="UTF-8"?>
<!-- Generated by org.testng.reporters.JUnitReportReporter -->
<testsuite hostname="LAPTOP-U38Q909H" failures="0" tests="1" name="amazon_Package.AmazonProject_Maven.TestCase3" time="12.916" errors="0" timestamp="2024-12-27T12:42:08 IST" skipped="0">
  <testcase classname="amazon_Package.AmazonProject_Maven.TestCase3" name="inorrectUN" time="12.916"/>
  <system-out>
    <![CDATA[Test case is pass]]>
  </system-out>
</testsuite> <!-- amazon_Package.AmazonProject_Maven.TestCase3 -->
