<?xml version="1.0" encoding="UTF-8"?>
<!-- Generated by org.testng.reporters.JUnitReportReporter -->
<testsuite hostname="LAPTOP-U38Q909H" failures="0" tests="2" name="amazon_Package.AmazonProject_Maven.TestCase11" time="121.386" errors="0" timestamp="2024-12-27T12:42:08 IST" skipped="1">
  <testcase classname="amazon_Package.AmazonProject_Maven.TestCase11" name="productpage" time="60.794">
    <skipped/>
  </testcase> <!-- productpage -->
  <system-out/>
  <testcase classname="amazon_Package.AmazonProject_Maven.TestCase11" name="productpage" time="60.592"/>
  <system-out>
    <![CDATA[Test case is pass]]>
  </system-out>
</testsuite> <!-- amazon_Package.AmazonProject_Maven.TestCase11 -->
